[2025-08-23 22:38:31] Script de operador iniciado
[2025-08-23 22:39:15] Sistema verificado - Estado general consultado
[2025-08-23 22:40:19] Script de operador iniciado
[2025-08-23 22:40:23] Sistema verificado - Estado general consultado
[2025-08-23 22:48:20] Script de operador iniciado
[2025-08-23 22:48:24] Sistema verificado - Estado general consultado
[2025-08-23 22:51:09] Script de operador iniciado
[2025-08-23 22:51:13] Sistema verificado - Estado general consultado
[2025-08-23 22:51:29] Recursos monitoreados
[2025-08-23 22:51:38] Conectividad de base de datos verificada
[2025-08-23 22:51:46] Contenedores iniciados
[2025-08-23 22:51:54] Sistema verificado - Estado general consultado
[2025-08-23 22:52:05] Contenedores reiniciados
[2025-08-23 22:52:09] Sistema verificado - Estado general consultado
[2025-08-23 22:52:59] Script de operador finalizado
[2025-08-23 22:56:04] Script de operador iniciado
[2025-08-23 22:56:11] Sistema verificado - Estado general consultado
[2025-08-23 22:57:43] Script de operador iniciado
[2025-08-23 22:57:46] Conectividad de base de datos verificada
[2025-08-23 22:58:56] Script de operador iniciado
[2025-08-23 22:59:00] Conectividad de base de datos verificada
[2025-08-23 23:00:06] Script de operador iniciado
[2025-08-23 23:00:11] Recursos monitoreados
[2025-08-23 23:01:04] Backup completo creado: ./backups/full_backup_20250823_230104
[2025-08-23 23:02:55] Script de operador finalizado
[2025-08-23 23:08:12] Script de operador iniciado
[2025-08-23 23:08:18] Sistema verificado - Estado general consultado
[2025-08-23 23:08:20] Script de operador finalizado
